2024-06-21 04:14:28,373 INFO Set uid to user 0 succeeded
2024-06-21 04:14:28,385 INFO supervisord started with pid 19
2024-06-21 04:14:29,390 INFO spawned: 'nginx' with pid 20
2024-06-21 04:14:29,395 INFO spawned: 'php-fpm' with pid 21
2024-06-21 04:14:30,603 INFO success: nginx entered RUNNING state, process has stayed up for > than 1 seconds (startsecs)
2024-06-21 04:14:30,603 INFO success: php-fpm entered RUNNING state, process has stayed up for > than 1 seconds (startsecs)
2024-06-21 04:18:00,047 INFO Set uid to user 0 succeeded
2024-06-21 04:18:00,063 INFO supervisord started with pid 18
2024-06-21 04:18:01,067 INFO spawned: 'http' with pid 19
2024-06-21 04:18:01,072 INFO spawned: 'jadwal' with pid 20
2024-06-21 04:18:01,076 INFO spawned: 'jobs' with pid 21
2024-06-21 04:18:02,296 INFO success: http entered RUNNING state, process has stayed up for > than 1 seconds (startsecs)
2024-06-21 04:23:12,913 INFO Set uid to user 0 succeeded
2024-06-21 04:23:12,941 INFO supervisord started with pid 19
2024-06-21 04:23:13,945 INFO spawned: 'http' with pid 20
2024-06-21 04:23:13,949 INFO spawned: 'jadwal' with pid 21
2024-06-21 04:23:13,958 INFO spawned: 'jobs' with pid 22
2024-06-21 04:23:14,969 INFO success: http entered RUNNING state, process has stayed up for > than 1 seconds (startsecs)
2024-06-21 04:28:14,802 INFO success: jadwal entered RUNNING state, process has stayed up for > than 300 seconds (startsecs)
2024-06-21 04:28:14,805 INFO success: jobs entered RUNNING state, process has stayed up for > than 300 seconds (startsecs)
2024-06-21 04:29:03,787 INFO Set uid to user 0 succeeded
2024-06-21 04:29:03,794 INFO supervisord started with pid 19
2024-06-21 04:29:04,797 INFO spawned: 'http' with pid 20
2024-06-21 04:29:04,801 INFO spawned: 'jadwal' with pid 21
2024-06-21 04:29:04,805 INFO spawned: 'jobs' with pid 22
2024-06-21 04:29:05,923 INFO success: http entered RUNNING state, process has stayed up for > than 1 seconds (startsecs)
2024-06-21 04:34:05,582 INFO success: jadwal entered RUNNING state, process has stayed up for > than 300 seconds (startsecs)
2024-06-21 04:34:05,582 INFO success: jobs entered RUNNING state, process has stayed up for > than 300 seconds (startsecs)
2024-06-21 04:34:47,473 INFO Set uid to user 0 succeeded
2024-06-21 04:34:47,479 INFO supervisord started with pid 19
2024-06-21 04:34:48,483 INFO spawned: 'http' with pid 20
2024-06-21 04:34:48,488 INFO spawned: 'jadwal' with pid 21
2024-06-21 04:34:48,492 INFO spawned: 'jobs' with pid 22
2024-06-21 04:34:49,756 INFO success: http entered RUNNING state, process has stayed up for > than 1 seconds (startsecs)
2024-06-21 04:39:49,371 INFO success: jadwal entered RUNNING state, process has stayed up for > than 300 seconds (startsecs)
2024-06-21 04:39:49,371 INFO success: jobs entered RUNNING state, process has stayed up for > than 300 seconds (startsecs)
